<?xml version="1.0" encoding="UTF-8"?>
<!-- Generated by org.testng.reporters.JUnitReportReporter -->
<testsuite hostname="Jemy" failures="0" tests="2" name="api.tests.AccountTest" time="2.845" errors="0" timestamp="2024-04-20T22:07:03 EET" skipped="0">
  <testcase classname="api.tests.AccountTest" name="testSingUp" time="2.268"/>
  <testcase classname="api.tests.AccountTest" name="testSingIn" time="0.577"/>
</testsuite> <!-- api.tests.AccountTest -->
