<?xml version="1.0" encoding="UTF-8"?>
<!-- Generated by org.testng.reporters.JUnitReportReporter -->
<testsuite hostname="Jemy" failures="0" tests="4" name="api.tests.PetTest" time="5.504" errors="0" timestamp="2024-04-20T19:50:36 EET" skipped="0">
  <testcase classname="api.tests.PetTest" name="testaddpet" time="2.633"/>
  <testcase classname="api.tests.PetTest" name="testGetById" time="0.868"/>
  <testcase classname="api.tests.PetTest" name="testupdatepet" time="1.016"/>
  <testcase classname="api.tests.PetTest" name="testDeleteById" time="0.987"/>
</testsuite> <!-- api.tests.PetTest -->
